<?xml version="1.0" encoding="UTF-8"?>
<!-- Generated by org.testng.reporters.JUnitXMLReporter -->
<testsuite ignored="0" hostname="Ankitas-MacBook-Air.local" failures="0" tests="8" name="Default test" time="8.932" errors="0" timestamp="2024-11-10T21:06:20 GMT-08:00">
  <testcase classname="com.github.tests.GithubApiTest" name="testCreateRepo" time="4.714"/>
  <testcase classname="com.github.tests.GithubApiTest" name="testGetAllRepositories" time="0.571"/>
  <testcase classname="com.github.tests.GithubApiTest" name="testGetSingleRepository" time="0.339"/>
  <testcase classname="com.github.tests.GithubApiTest" name="testGetSingleRepositoryWithNonExistingRepo" time="0.248"/>
  <testcase classname="com.github.tests.GithubApiTest" name="testDeleteNonExistingRepository" time="0.257"/>
  <testcase classname="com.github.tests.GithubApiTest" name="testCreateRepoWithExistingName" time="0.316"/>
  <testcase classname="com.github.tests.GithubApiTest" name="testUpdateRepository" time="0.678"/>
  <testcase classname="com.github.tests.GithubApiTest" name="testDeleteRepository" time="0.562"/>
</testsuite> <!-- Default test -->
