<?xml version="1.0" encoding="UTF-8"?>
<testng-results ignored="0" total="8" passed="8" failed="0" skipped="0">
  <reporter-output>
  </reporter-output>
  <suite started-at="2024-11-10T21:06:11 GMT-08:00" name="Default suite" finished-at="2024-11-10T21:06:20 GMT-08:00" duration-ms="8932">
    <groups>
    </groups>
    <test started-at="2024-11-10T21:06:11 GMT-08:00" name="Default test" finished-at="2024-11-10T21:06:20 GMT-08:00" duration-ms="8932">
      <class name="com.github.tests.GithubApiTest">
        <test-method is-config="true" signature="beforeSuite()[pri:0, instance:com.github.tests.GithubApiTest@3059cbc]" started-at="2024-11-10T21:06:11 GMT-08:00" name="beforeSuite" finished-at="2024-11-10T21:06:11 GMT-08:00" duration-ms="63" status="PASS">
          <reporter-output>
          </reporter-output>
        </test-method> <!-- beforeSuite -->
        <test-method is-config="true" signature="setup()[pri:0, instance:com.github.tests.GithubApiTest@3059cbc]" started-at="2024-11-10T21:06:11 GMT-08:00" name="setup" finished-at="2024-11-10T21:06:12 GMT-08:00" duration-ms="1173" status="PASS">
          <reporter-output>
          </reporter-output>
        </test-method> <!-- setup -->
        <test-method signature="testCreateRepo()[pri:0, instance:com.github.tests.GithubApiTest@3059cbc]" started-at="2024-11-10T21:06:12 GMT-08:00" name="testCreateRepo" finished-at="2024-11-10T21:06:17 GMT-08:00" duration-ms="4714" status="PASS">
          <reporter-output>
          </reporter-output>
        </test-method> <!-- testCreateRepo -->
        <test-method signature="testGetAllRepositories()[pri:0, instance:com.github.tests.GithubApiTest@3059cbc]" started-at="2024-11-10T21:06:17 GMT-08:00" name="testGetAllRepositories" finished-at="2024-11-10T21:06:17 GMT-08:00" duration-ms="571" status="PASS">
          <reporter-output>
          </reporter-output>
        </test-method> <!-- testGetAllRepositories -->
        <test-method signature="testGetSingleRepository()[pri:0, instance:com.github.tests.GithubApiTest@3059cbc]" started-at="2024-11-10T21:06:17 GMT-08:00" name="testGetSingleRepository" finished-at="2024-11-10T21:06:17 GMT-08:00" duration-ms="339" status="PASS">
          <reporter-output>
          </reporter-output>
        </test-method> <!-- testGetSingleRepository -->
        <test-method signature="testGetSingleRepositoryWithNonExistingRepo()[pri:0, instance:com.github.tests.GithubApiTest@3059cbc]" started-at="2024-11-10T21:06:17 GMT-08:00" name="testGetSingleRepositoryWithNonExistingRepo" finished-at="2024-11-10T21:06:18 GMT-08:00" duration-ms="248" status="PASS">
          <reporter-output>
          </reporter-output>
        </test-method> <!-- testGetSingleRepositoryWithNonExistingRepo -->
        <test-method signature="testDeleteNonExistingRepository()[pri:0, instance:com.github.tests.GithubApiTest@3059cbc]" started-at="2024-11-10T21:06:18 GMT-08:00" name="testDeleteNonExistingRepository" finished-at="2024-11-10T21:06:18 GMT-08:00" duration-ms="257" status="PASS">
          <reporter-output>
          </reporter-output>
        </test-method> <!-- testDeleteNonExistingRepository -->
        <test-method signature="testCreateRepoWithExistingName()[pri:0, instance:com.github.tests.GithubApiTest@3059cbc]" started-at="2024-11-10T21:06:18 GMT-08:00" name="testCreateRepoWithExistingName" finished-at="2024-11-10T21:06:18 GMT-08:00" depends-on-methods="com.github.tests.GithubApiTest.testCreateRepo" duration-ms="316" status="PASS">
          <reporter-output>
          </reporter-output>
        </test-method> <!-- testCreateRepoWithExistingName -->
        <test-method signature="testUpdateRepository()[pri:0, instance:com.github.tests.GithubApiTest@3059cbc]" started-at="2024-11-10T21:06:18 GMT-08:00" name="testUpdateRepository" finished-at="2024-11-10T21:06:19 GMT-08:00" depends-on-methods="com.github.tests.GithubApiTest.testCreateRepo" duration-ms="678" status="PASS">
          <reporter-output>
          </reporter-output>
        </test-method> <!-- testUpdateRepository -->
        <test-method signature="testDeleteRepository()[pri:0, instance:com.github.tests.GithubApiTest@3059cbc]" started-at="2024-11-10T21:06:19 GMT-08:00" name="testDeleteRepository" finished-at="2024-11-10T21:06:20 GMT-08:00" depends-on-methods="com.github.tests.GithubApiTest.testUpdateRepository" duration-ms="562" status="PASS">
          <reporter-output>
          </reporter-output>
        </test-method> <!-- testDeleteRepository -->
      </class> <!-- com.github.tests.GithubApiTest -->
    </test> <!-- Default test -->
  </suite> <!-- Default suite -->
</testng-results>
